04/25/2024 01:40:02 PM: INFO: Setting up WebDriver...
04/25/2024 01:40:08 PM: WARNING: Error sending stats to Plausible: error sending request for url (https://plausible.io/api/event): operation timed out
04/25/2024 01:40:18 PM: INFO: Quitting WebDriver...
04/25/2024 01:40:22 PM: INFO: Setting up WebDriver...
04/25/2024 01:40:38 PM: INFO: Quitting WebDriver...
04/25/2024 01:40:40 PM: INFO: Setting up WebDriver...
04/25/2024 01:42:41 PM: INFO: Quitting WebDriver...
04/25/2024 01:42:43 PM: INFO: Setting up WebDriver...
04/25/2024 01:42:49 PM: INFO: Setting up WebDriver...
04/25/2024 01:43:39 PM: INFO: Setting up WebDriver...
04/25/2024 01:46:18 PM: INFO: Quitting WebDriver...
04/25/2024 01:46:20 PM: INFO: Setting up WebDriver...
04/25/2024 01:46:27 PM: INFO: Quitting WebDriver...
04/25/2024 01:46:29 PM: INFO: Setting up WebDriver...
04/25/2024 01:46:35 PM: INFO: Setting up WebDriver...
04/25/2024 01:46:40 PM: INFO: Setting up WebDriver...
04/25/2024 01:46:48 PM: INFO: Quitting WebDriver...
04/25/2024 01:47:20 PM: INFO: Setting up WebDriver...
04/25/2024 01:47:30 PM: INFO: Quitting WebDriver...
04/25/2024 01:47:32 PM: INFO: Setting up WebDriver...
04/25/2024 01:47:48 PM: INFO: Quitting WebDriver...
04/25/2024 01:47:50 PM: INFO: Setting up WebDriver...
04/25/2024 01:48:00 PM: INFO: Quitting WebDriver...
04/25/2024 01:48:02 PM: INFO: Setting up WebDriver...
04/25/2024 01:48:15 PM: INFO: Quitting WebDriver...
04/25/2024 01:48:18 PM: INFO: Setting up WebDriver...
04/25/2024 01:48:30 PM: INFO: Quitting WebDriver...
04/25/2024 02:01:53 PM: INFO: Setting up WebDriver...
04/25/2024 02:02:04 PM: INFO: Quitting WebDriver...
04/25/2024 02:02:07 PM: INFO: Setting up WebDriver...
04/25/2024 02:02:13 PM: INFO: Program execution started
04/25/2024 02:02:21 PM: INFO: Program execution ended
04/25/2024 02:02:21 PM: INFO: Quitting WebDriver...
04/25/2024 02:02:23 PM: INFO: Setting up WebDriver...
04/25/2024 02:02:32 PM: INFO: Quitting WebDriver...
04/25/2024 02:02:34 PM: INFO: Setting up WebDriver...
04/25/2024 02:02:48 PM: INFO: Quitting WebDriver...
04/25/2024 02:02:51 PM: INFO: Setting up WebDriver...
04/25/2024 02:02:59 PM: INFO: Quitting WebDriver...
